0.01 1.01
0.02 1.02005
0.03 1.03015
0.04 1.0403
0.05 1.0505
0.06 1.06075
0.07 1.07105
0.08 1.0814
0.09 1.0918
0.1 1.10224
0.11 1.11274
0.12 1.12329
0.13 1.13389
0.14 1.14454
0.15 1.15524
0.16 1.16599
0.17 1.17678
0.18 1.18763
0.19 1.19853
0.2 1.20948
0.21 1.22047
0.22 1.23152
0.23 1.24262
0.24 1.25377
0.25 1.26496
0.26 1.27621
0.27 1.28751
0.28 1.29885
0.29 1.31025
0.3 1.3217
0.31 1.33319
0.32 1.34474
0.33 1.35634
0.34 1.36798
0.35 1.37968
0.36 1.39143
0.37 1.40322
0.38 1.41507
0.39 1.42696
0.4 1.43891
0.41 1.4509
0.42 1.46295
0.43 1.47504
0.44 1.48719
0.45 1.49938
0.46 1.51163
0.47 1.52392
0.48 1.53627
0.49 1.54866
0.5 1.56111
0.51 1.5736
0.52 1.58615
0.53 1.59874
0.54 1.61139
0.55 1.62408
0.56 1.63682
0.57 1.64962
0.58 1.66246
0.59 1.67535
0.6 1.6883
0.61 1.70129
0.62 1.71434
0.63 1.72743
0.64 1.74057
0.65 1.75376
0.66 1.76701
0.67 1.7803
0.68 1.79364
0.69 1.80704
0.7 1.82048
0.71 1.83397
0.72 1.84751
0.73 1.86111
0.74 1.87475
0.75 1.88844
0.76 1.90218
0.77 1.91597
0.78 1.92982
0.79 1.94371
0.8 1.95765
0.81 1.97164
0.82 1.98568
0.83 1.99977
0.84 2.01392
0.85 2.02811
0.86 2.04235
0.87 2.05664
0.88 2.07098
0.89 2.08537
0.9 2.09981
0.91 2.1143
0.92 2.12884
0.93 2.14343
0.94 2.15807
0.95 2.17276
0.96 2.1875
0.97 2.20229
0.98 2.21714
0.99 2.23203
1 2.24697
1.01 2.26195
1.02 2.27699
1.03 2.29208
1.04 2.30722
1.05 2.32241
1.06 2.33765
1.07 2.35294
1.08 2.36828
1.09 2.38367
1.1 2.39911
1.11 2.4146
1.12 2.43014
1.13 2.44573
1.14 2.46137
1.15 2.47705
1.16 2.49279
1.17 2.50858
1.18 2.52442
1.19 2.54031
1.2 2.55625
1.21 2.57224
1.22 2.58827
1.23 2.60436
1.24 2.6205
1.25 2.63669
1.26 2.65293
1.27 2.66921
1.28 2.68555
1.29 2.70194
1.3 2.71838
1.31 2.73486
1.32 2.7514
1.33 2.76799
1.34 2.78463
1.35 2.80131
1.36 2.81805
1.37 2.83484
1.38 2.85167
1.39 2.86856
1.4 2.8855
1.41 2.90248
1.42 2.91952
1.43 2.93661
1.44 2.95374
1.45 2.97093
1.46 2.98817
1.47 3.00545
1.48 3.02279
1.49 3.04018
1.5 3.05761
1.51 3.0751
1.52 3.09263
1.53 3.11022
1.54 3.12786
1.55 3.14554
1.56 3.16328
1.57 3.18106
1.58 3.1989
1.59 3.21678
1.6 3.23472
1.61 3.2527
1.62 3.27074
1.63 3.28883
1.64 3.30696
1.65 3.32515
1.66 3.34338
1.67 3.36167
1.68 3.38
1.69 3.39838
1.7 3.41682
1.71 3.4353
1.72 3.45384
1.73 3.47242
1.74 3.49106
1.75 3.50974
1.76 3.52848
1.77 3.54726
1.78 3.56609
1.79 3.58498
1.8 3.60391
1.81 3.6229
1.82 3.64193
1.83 3.66101
1.84 3.68015
1.85 3.69933
1.86 3.71857
1.87 3.73785
1.88 3.75718
1.89 3.77657
1.9 3.796
1.91 3.81548
1.92 3.83502
1.93 3.8546
1.94 3.87423
1.95 3.89392
1.96 3.91365
1.97 3.93343
1.98 3.95326
1.99 3.97315
2 3.99308
2.01 4.01306
2.02 4.0331
2.03 4.05318
2.04 4.07331
2.05 4.09349
2.06 4.11373
2.07 4.13401
2.08 4.15434
2.09 4.17472
2.1 4.19515
2.11 4.21564
2.12 4.23617
2.13 4.25675
2.14 4.27738
2.15 4.29806
2.16 4.3188
2.17 4.33958
2.18 4.36041
2.19 4.38129
2.2 4.40222
2.21 4.4232
2.22 4.44424
2.23 4.46532
2.24 4.48645
2.25 4.50763
2.26 4.52886
2.27 4.55014
2.28 4.57147
2.29 4.59285
2.3 4.61428
2.31 4.63577
2.32 4.6573
2.33 4.67888
2.34 4.70051
2.35 4.72219
2.36 4.74392
2.37 4.7657
2.38 4.78753
2.39 4.80941
2.4 4.83134
2.41 4.85332
2.42 4.87535
2.43 4.89743
2.44 4.91956
2.45 4.94174
2.46 4.96397
2.47 4.98625
2.48 5.00858
2.49 5.03096
2.5 5.05339
2.51 5.07587
2.52 5.0984
2.53 5.12098
2.54 5.14361
2.55 5.16629
2.56 5.18902
2.57 5.2118
2.58 5.23463
2.59 5.25751
2.6 5.28044
2.61 5.30342
2.62 5.32644
2.63 5.34952
2.64 5.37265
2.65 5.39583
2.66 5.41906
2.67 5.44234
2.68 5.46567
2.69 5.48905
2.7 5.51248
2.71 5.53595
2.72 5.55948
2.73 5.58306
2.74 5.60669
2.75 5.63037
2.76 5.6541
2.77 5.67788
2.78 5.7017
2.79 5.72558
2.8 5.74951
2.81 5.77349
2.82 5.79752
2.83 5.82159
2.84 5.84572
2.85 5.8699
2.86 5.89413
2.87 5.91841
2.88 5.94273
2.89 5.96711
2.9 5.99154
2.91 6.01602
2.92 6.04054
2.93 6.06512
2.94 6.08975
2.95 6.11443
2.96 6.13915
2.97 6.16393
2.98 6.18876
2.99 6.21364
3 6.23856
3.01 6.26354
3.02 6.28857
3.03 6.31364
3.04 6.33877
3.05 6.36395
3.06 6.38918
3.07 6.41445
3.08 6.43978
3.09 6.46516
3.1 6.49058
3.11 6.51606
3.12 6.54159
3.13 6.56716
3.14 6.59279
3.15 6.61846
3.16 6.64419
3.17 6.66997
3.18 6.69579
3.19 6.72167
3.2 6.7476
3.21 6.77357
3.22 6.7996
3.23 6.82567
3.24 6.8518
3.25 6.87798
3.26 6.9042
3.27 6.93048
3.28 6.9568
3.29 6.98318
3.3 7.00961
3.31 7.03608
3.32 7.06261
3.33 7.08918
3.34 7.11581
3.35 7.14248
3.36 7.16921
3.37 7.19598
3.38 7.22281
3.39 7.24968
3.4 7.27661
3.41 7.30358
3.42 7.33061
3.43 7.35769
3.44 7.38481
3.45 7.41199
3.46 7.43921
3.47 7.46649
3.48 7.49381
3.49 7.52118
3.5 7.54861
3.51 7.57608
3.52 7.60361
3.53 7.63118
3.54 7.65881
3.55 7.68648
3.56 7.71421
3.57 7.74198
3.58 7.76981
3.59 7.79768
3.6 7.8256
3.61 7.85358
3.62 7.8816
3.63 7.90968
3.64 7.9378
3.65 7.96598
3.66 7.9942
3.67 8.02247
3.68 8.0508
3.69 8.07917
3.7 8.1076
3.71 8.13607
3.72 8.16459
3.73 8.19317
3.74 8.22179
3.75 8.25046
3.76 8.27919
3.77 8.30796
3.78 8.33679
3.79 8.36566
3.8 8.39458
3.81 8.42356
3.82 8.45258
3.83 8.48165
3.84 8.51078
3.85 8.53995
3.86 8.56917
3.87 8.59845
3.88 8.62777
3.89 8.65714
3.9 8.68656
3.91 8.71604
3.92 8.74556
3.93 8.77513
3.94 8.80476
3.95 8.83443
3.96 8.86415
3.97 8.89392
3.98 8.92375
3.99 8.95362
4 8.98354
4.01 9.01351
4.02 9.04354
4.03 9.07361
4.04 9.10373
4.05 9.1339
4.06 9.16413
4.07 9.1944
4.08 9.22472
4.09 9.25509
4.1 9.28552
4.11 9.31599
4.12 9.34651
4.13 9.37708
4.14 9.4077
4.15 9.43838
4.16 9.4691
4.17 9.49987
4.18 9.53069
4.19 9.56156
4.2 9.59249
4.21 9.62346
4.22 9.65448
4.23 9.68555
4.24 9.71667
4.25 9.74784
4.26 9.77907
4.27 9.81034
4.28 9.84166
4.29 9.87303
4.3 9.90445
4.31 9.93592
4.32 9.96744
4.33 9.99901
4.34 10.0306
4.35 10.0623
4.36 10.094
4.37 10.1258
4.38 10.1576
4.39 10.1895
4.4 10.2214
4.41 10.2534
4.42 10.2854
4.43 10.3175
4.44 10.3496
4.45 10.3818
4.46 10.414
4.47 10.4463
4.48 10.4786
4.49 10.5109
4.5 10.5434
4.51 10.5758
4.52 10.6084
4.53 10.6409
4.54 10.6736
4.55 10.7062
4.56 10.7389
4.57 10.7717
4.58 10.8045
4.59 10.8374
4.6 10.8703
4.61 10.9033
4.62 10.9363
4.63 10.9694
4.64 11.0025
4.65 11.0357
4.66 11.0689
4.67 11.1022
4.68 11.1355
4.69 11.1689
4.7 11.2023
4.71 11.2357
4.72 11.2693
4.73 11.3028
4.74 11.3365
4.75 11.3701
4.76 11.4038
4.77 11.4376
4.78 11.4714
4.79 11.5053
4.8 11.5392
4.81 11.5732
4.82 11.6072
4.83 11.6413
4.84 11.6754
4.85 11.7096
4.86 11.7438
4.87 11.7781
4.88 11.8124
4.89 11.8467
4.9 11.8812
4.91 11.9156
4.92 11.9502
4.93 11.9847
4.94 12.0193
4.95 12.054
4.96 12.0887
4.97 12.1235
4.98 12.1583
4.99 12.1932
5 12.2281
5.01 12.2631
5.02 12.2981
5.03 12.3332
5.04 12.3683
5.05 12.4034
5.06 12.4387
5.07 12.4739
5.08 12.5093
5.09 12.5446
5.1 12.58
5.11 12.6155
5.12 12.651
5.13 12.6866
5.14 12.7222
5.15 12.7579
5.16 12.7936
5.17 12.8294
5.18 12.8652
5.19 12.9011
5.2 12.937
5.21 12.9729
5.22 13.009
5.23 13.045
5.24 13.0811
5.25 13.1173
5.26 13.1535
5.27 13.1898
5.28 13.2261
5.29 13.2625
5.3 13.2989
5.31 13.3354
5.32 13.3719
5.33 13.4085
5.34 13.4451
5.35 13.4817
5.36 13.5185
5.37 13.5552
5.38 13.592
5.39 13.6289
5.4 13.6658
5.41 13.7028
5.42 13.7398
5.43 13.7769
5.44 13.814
5.45 13.8512
5.46 13.8884
5.47 13.9256
5.48 13.963
5.49 14.0003
5.5 14.0377
5.51 14.0752
5.52 14.1127
5.53 14.1503
5.54 14.1879
5.55 14.2256
5.56 14.2633
5.57 14.3011
5.58 14.3389
5.59 14.3767
5.6 14.4147
5.61 14.4526
5.62 14.4906
5.63 14.5287
5.64 14.5668
5.65 14.605
5.66 14.6432
5.67 14.6815
5.68 14.7198
5.69 14.7582
5.7 14.7966
5.71 14.835
5.72 14.8736
5.73 14.9121
5.74 14.9507
5.75 14.9894
5.76 15.0281
5.77 15.0669
5.78 15.1057
5.79 15.1446
5.8 15.1835
5.81 15.2225
5.82 15.2615
5.83 15.3005
5.84 15.3397
5.85 15.3788
5.86 15.418
5.87 15.4573
5.88 15.4966
5.89 15.536
5.9 15.5754
5.91 15.6149
5.92 15.6544
5.93 15.6939
5.94 15.7336
5.95 15.7732
5.96 15.8129
5.97 15.8527
5.98 15.8925
5.99 15.9324
6 15.9723
6.01 16.0123
6.02 16.0523
6.03 16.0923
6.04 16.1325
6.05 16.1726
6.06 16.2128
6.07 16.2531
6.08 16.2934
6.09 16.3338
6.1 16.3742
6.11 16.4147
6.12 16.4552
6.13 16.4958
6.14 16.5364
6.15 16.577
6.16 16.6177
6.17 16.6585
6.18 16.6993
6.19 16.7402
6.2 16.7811
6.21 16.8221
6.22 16.8631
6.23 16.9041
6.24 16.9453
6.25 16.9864
6.26 17.0276
6.27 17.0689
6.28 17.1102
6.29 17.1516
6.3 17.193
6.31 17.2345
6.32 17.276
6.33 17.3175
6.34 17.3592
6.35 17.4008
6.36 17.4425
6.37 17.4843
6.38 17.5261
6.39 17.568
6.4 17.6099
6.41 17.6519
6.42 17.6939
6.43 17.7359
6.44 17.7781
6.45 17.8202
6.46 17.8624
6.47 17.9047
6.48 17.947
6.49 17.9894
6.5 18.0318
6.51 18.0742
6.52 18.1168
6.53 18.1593
6.54 18.2019
6.55 18.2446
6.56 18.2873
6.57 18.3301
6.58 18.3729
6.59 18.4158
6.6 18.4587
6.61 18.5016
6.62 18.5446
6.63 18.5877
6.64 18.6308
6.65 18.674
6.66 18.7172
6.67 18.7605
6.68 18.8038
6.69 18.8471
6.7 18.8906
6.71 18.934
6.72 18.9775
6.73 19.0211
6.74 19.0647
6.75 19.1084
6.76 19.1521
6.77 19.1958
6.78 19.2397
6.79 19.2835
6.8 19.3274
6.81 19.3714
6.82 19.4154
6.83 19.4595
6.84 19.5036
6.85 19.5478
6.86 19.592
6.87 19.6362
6.88 19.6805
6.89 19.7249
6.9 19.7693
6.91 19.8138
6.92 19.8583
6.93 19.9029
6.94 19.9475
6.95 19.9921
6.96 20.0368
6.97 20.0816
6.98 20.1264
6.99 20.1713
7 20.2162
7.01 20.2612
7.02 20.3062
7.03 20.3512
7.04 20.3963
7.05 20.4415
7.06 20.4867
7.07 20.532
7.08 20.5773
7.09 20.6227
7.1 20.6681
7.11 20.7135
7.12 20.759
7.13 20.8046
7.14 20.8502
7.15 20.8959
7.16 20.9416
7.17 20.9873
7.18 21.0332
7.19 21.079
7.2 21.1249
7.21 21.1709
7.22 21.2169
7.23 21.263
7.24 21.3091
7.25 21.3552
7.26 21.4015
7.27 21.4477
7.28 21.494
7.29 21.5404
7.3 21.5868
7.31 21.6333
7.32 21.6798
7.33 21.7263
7.34 21.7729
7.35 21.8196
7.36 21.8663
7.37 21.9131
7.38 21.9599
7.39 22.0068
7.4 22.0537
7.41 22.1006
7.42 22.1476
7.43 22.1947
7.44 22.2418
7.45 22.289
7.46 22.3362
7.47 22.3834
7.48 22.4308
7.49 22.4781
7.5 22.5255
7.51 22.573
7.52 22.6205
7.53 22.6681
7.54 22.7157
7.55 22.7633
7.56 22.811
7.57 22.8588
7.58 22.9066
7.59 22.9545
7.6 23.0024
7.61 23.0503
7.62 23.0984
7.63 23.1464
7.64 23.1945
7.65 23.2427
7.66 23.2909
7.67 23.3392
7.68 23.3875
7.69 23.4358
7.7 23.4842
7.71 23.5327
7.72 23.5812
7.73 23.6298
7.74 23.6784
7.75 23.727
7.76 23.7758
7.77 23.8245
7.78 23.8733
7.79 23.9222
7.8 23.9711
7.81 24.0201
7.82 24.0691
7.83 24.1181
7.84 24.1672
7.85 24.2164
7.86 24.2656
7.87 24.3149
7.88 24.3642
7.89 24.4135
7.9 24.463
7.91 24.5124
7.92 24.5619
7.93 24.6115
7.94 24.6611
7.95 24.7108
7.96 24.7605
7.97 24.8102
7.98 24.86
7.99 24.9099
8 24.9598
8.01 25.0098
8.02 25.0598
8.03 25.1098
8.04 25.1599
8.05 25.2101
8.06 25.2603
8.07 25.3106
8.08 25.3609
8.09 25.4112
8.1 25.4616
8.11 25.5121
8.12 25.5626
8.13 25.6132
8.14 25.6638
8.15 25.7144
8.16 25.7652
8.17 25.8159
8.18 25.8667
8.19 25.9176
8.2 25.9685
8.21 26.0195
8.22 26.0705
8.23 26.1215
8.24 26.1726
8.25 26.2238
8.26 26.275
8.27 26.3263
8.28 26.3776
8.29 26.4289
8.3 26.4803
8.31 26.5318
8.32 26.5833
8.33 26.6349
8.34 26.6865
8.35 26.7381
8.36 26.7898
8.37 26.8416
8.38 26.8934
8.39 26.9453
8.4 26.9972
8.41 27.0491
8.42 27.1011
8.43 27.1532
8.44 27.2053
8.45 27.2575
8.46 27.3097
8.47 27.3619
8.48 27.4142
8.49 27.4666
8.5 27.519
8.51 27.5715
8.52 27.624
8.53 27.6765
8.54 27.7291
8.55 27.7818
8.56 27.8345
8.57 27.8873
8.58 27.9401
8.59 27.9929
8.6 28.0458
8.61 28.0988
8.62 28.1518
8.63 28.2049
8.64 28.258
8.65 28.3111
8.66 28.3643
8.67 28.4176
8.68 28.4709
8.69 28.5243
8.7 28.5777
8.71 28.6311
8.72 28.6846
8.73 28.7382
8.74 28.7918
8.75 28.8455
8.76 28.8992
8.77 28.9529
8.78 29.0067
8.79 29.0606
8.8 29.1145
8.81 29.1685
8.82 29.2225
8.83 29.2765
8.84 29.3306
8.85 29.3848
8.86 29.439
8.87 29.4933
8.88 29.5476
8.89 29.6019
8.9 29.6563
8.91 29.7108
8.92 29.7653
8.93 29.8199
8.94 29.8745
8.95 29.9291
8.96 29.9838
8.97 30.0386
8.98 30.0934
8.99 30.1483
9 30.2032
9.01 30.2581
9.02 30.3131
9.03 30.3682
9.04 30.4233
9.05 30.4784
9.06 30.5337
9.07 30.5889
9.08 30.6442
9.09 30.6996
9.1 30.755
9.11 30.8104
9.12 30.8659
9.13 30.9215
9.14 30.9771
9.15 31.0328
9.16 31.0885
9.17 31.1442
9.18 31.2
9.19 31.2559
9.2 31.3118
9.21 31.3678
9.22 31.4238
9.23 31.4798
9.24 31.5359
9.25 31.5921
9.26 31.6483
9.27 31.7046
9.28 31.7609
9.29 31.8172
9.3 31.8736
9.31 31.9301
9.32 31.9866
9.33 32.0431
9.34 32.0997
9.35 32.1564
9.36 32.2131
9.37 32.2699
9.38 32.3267
9.39 32.3835
9.4 32.4404
9.41 32.4974
9.42 32.5544
9.43 32.6115
9.44 32.6686
9.45 32.7257
9.46 32.7829
9.47 32.8402
9.48 32.8975
9.49 32.9548
9.5 33.0123
9.51 33.0697
9.52 33.1272
9.53 33.1848
9.54 33.2424
9.55 33.3
9.56 33.3577
9.57 33.4155
9.58 33.4733
9.59 33.5312
9.6 33.5891
9.61 33.647
9.62 33.705
9.63 33.7631
9.64 33.8212
9.65 33.8793
9.66 33.9375
9.67 33.9958
9.68 34.0541
9.69 34.1125
9.7 34.1709
9.71 34.2293
9.72 34.2878
9.73 34.3464
9.74 34.405
9.75 34.4637
9.76 34.5224
9.77 34.5811
9.78 34.6399
9.79 34.6988
9.8 34.7577
9.81 34.8166
9.82 34.8756
9.83 34.9347
9.84 34.9938
9.85 35.053
9.86 35.1122
9.87 35.1714
9.88 35.2307
9.89 35.2901
9.9 35.3495
9.91 35.4089
9.92 35.4684
9.93 35.528
9.94 35.5876
9.95 35.6473
9.96 35.707
9.97 35.7667
9.98 35.8265
9.99 35.8864
10 35.9463
10 35.9463
