0.01 1.01002
0.02 1.0201
0.03 1.03022
0.04 1.0404
0.05 1.05062
0.06 1.0609
0.07 1.07122
0.08 1.0816
0.09 1.09202
0.1 1.1025
0.11 1.11302
0.12 1.1236
0.13 1.13422
0.14 1.1449
0.15 1.15562
0.16 1.1664
0.17 1.17722
0.18 1.1881
0.19 1.19902
0.2 1.21
0.21 1.22102
0.22 1.2321
0.23 1.24322
0.24 1.2544
0.25 1.26562
0.26 1.2769
0.27 1.28822
0.28 1.2996
0.29 1.31102
0.3 1.3225
0.31 1.33402
0.32 1.3456
0.33 1.35722
0.34 1.3689
0.35 1.38062
0.36 1.3924
0.37 1.40422
0.38 1.4161
0.39 1.42802
0.4 1.44
0.41 1.45202
0.42 1.4641
0.43 1.47622
0.44 1.4884
0.45 1.50062
0.46 1.5129
0.47 1.52522
0.48 1.5376
0.49 1.55002
0.5 1.5625
0.51 1.57502
0.52 1.5876
0.53 1.60022
0.54 1.6129
0.55 1.62562
0.56 1.6384
0.57 1.65122
0.58 1.6641
0.59 1.67702
0.6 1.69
0.61 1.70302
0.62 1.7161
0.63 1.72922
0.64 1.7424
0.65 1.75562
0.66 1.7689
0.67 1.78222
0.68 1.7956
0.69 1.80902
0.7 1.8225
0.71 1.83602
0.72 1.8496
0.73 1.86322
0.74 1.8769
0.75 1.89062
0.76 1.9044
0.77 1.91822
0.78 1.9321
0.79 1.94602
0.8 1.96
0.81 1.97402
0.82 1.98809
0.83 2.00222
0.84 2.01639
0.85 2.03062
0.86 2.04489
0.87 2.05922
0.88 2.07359
0.89 2.08802
0.9 2.10249
0.91 2.11702
0.92 2.13159
0.93 2.14622
0.94 2.16089
0.95 2.17562
0.96 2.19039
0.97 2.20522
0.98 2.22009
0.99 2.23502
1 2.24999
1.01 2.26502
1.02 2.28009
1.03 2.29522
1.04 2.31039
1.05 2.32562
1.06 2.34089
1.07 2.35622
1.08 2.37159
1.09 2.38702
1.1 2.40249
1.11 2.41802
1.12 2.43359
1.13 2.44922
1.14 2.46489
1.15 2.48062
1.16 2.49639
1.17 2.51222
1.18 2.52809
1.19 2.54402
1.2 2.55999
1.21 2.57602
1.22 2.59209
1.23 2.60822
1.24 2.62439
1.25 2.64062
1.26 2.65689
1.27 2.67322
1.28 2.68959
1.29 2.70602
1.3 2.72249
1.31 2.73902
1.32 2.75559
1.33 2.77222
1.34 2.78889
1.35 2.80562
1.36 2.82239
1.37 2.83922
1.38 2.85609
1.39 2.87302
1.4 2.88999
1.41 2.90702
1.42 2.92409
1.43 2.94122
1.44 2.95839
1.45 2.97562
1.46 2.99289
1.47 3.01022
1.48 3.02759
1.49 3.04502
1.5 3.06249
1.51 3.08002
1.52 3.09759
1.53 3.11522
1.54 3.13289
1.55 3.15062
1.56 3.16839
1.57 3.18622
1.58 3.20409
1.59 3.22202
1.6 3.23999
1.61 3.25801
1.62 3.27609
1.63 3.29421
1.64 3.31239
1.65 3.33061
1.66 3.34889
1.67 3.36721
1.68 3.38559
1.69 3.40401
1.7 3.42249
1.71 3.44101
1.72 3.45959
1.73 3.47821
1.74 3.49689
1.75 3.51561
1.76 3.53439
1.77 3.55321
1.78 3.57209
1.79 3.59101
1.8 3.60999
1.81 3.62901
1.82 3.64809
1.83 3.66721
1.84 3.68639
1.85 3.70561
1.86 3.72489
1.87 3.74421
1.88 3.76359
1.89 3.78301
1.9 3.80249
1.91 3.82201
1.92 3.84159
1.93 3.86121
1.94 3.88089
1.95 3.90061
1.96 3.92039
1.97 3.94021
1.98 3.96009
1.99 3.98001
2 3.99999
2.01 4.02001
2.02 4.04009
2.03 4.06021
2.04 4.08039
2.05 4.10061
2.06 4.12089
2.07 4.14121
2.08 4.16159
2.09 4.18201
2.1 4.20249
2.11 4.22301
2.12 4.24359
2.13 4.26421
2.14 4.28489
2.15 4.30561
2.16 4.32639
2.17 4.34721
2.18 4.36809
2.19 4.38901
2.2 4.40999
2.21 4.43101
2.22 4.45209
2.23 4.47321
2.24 4.49439
2.25 4.51561
2.26 4.53689
2.27 4.55821
2.28 4.57959
2.29 4.60101
2.3 4.62249
2.31 4.64401
2.32 4.66559
2.33 4.68721
2.34 4.70889
2.35 4.73061
2.36 4.75239
2.37 4.77421
2.38 4.79609
2.39 4.81801
2.4 4.83999
2.41 4.86201
2.42 4.88408
2.43 4.90621
2.44 4.92838
2.45 4.95061
2.46 4.97288
2.47 4.99521
2.48 5.01758
2.49 5.04001
2.5 5.06248
2.51 5.08501
2.52 5.10758
2.53 5.13021
2.54 5.15288
2.55 5.17561
2.56 5.19838
2.57 5.22121
2.58 5.24408
2.59 5.26701
2.6 5.28998
2.61 5.31301
2.62 5.33608
2.63 5.35921
2.64 5.38238
2.65 5.40561
2.66 5.42888
2.67 5.45221
2.68 5.47558
2.69 5.49901
2.7 5.52248
2.71 5.54601
2.72 5.56958
2.73 5.59321
2.74 5.61688
2.75 5.64061
2.76 5.66438
2.77 5.68821
2.78 5.71208
2.79 5.73601
2.8 5.75998
2.81 5.78401
2.82 5.80808
2.83 5.83221
2.84 5.85638
2.85 5.88061
2.86 5.90488
2.87 5.92921
2.88 5.95358
2.89 5.97801
2.9 6.00248
2.91 6.02701
2.92 6.05158
2.93 6.07621
2.94 6.10088
2.95 6.12561
2.96 6.15038
2.97 6.17521
2.98 6.20008
2.99 6.22501
3 6.24998
3.01 6.27501
3.02 6.30008
3.03 6.32521
3.04 6.35038
3.05 6.37561
3.06 6.40088
3.07 6.42621
3.08 6.45158
3.09 6.47701
3.1 6.50248
3.11 6.52801
3.12 6.55358
3.13 6.57921
3.14 6.60488
3.15 6.63061
3.16 6.65638
3.17 6.68221
3.18 6.70808
3.19 6.73401
3.2 6.75998
3.21 6.78601
3.22 6.81208
3.23 6.8382
3.24 6.86438
3.25 6.8906
3.26 6.91688
3.27 6.9432
3.28 6.96958
3.29 6.996
3.3 7.02248
3.31 7.049
3.32 7.07558
3.33 7.1022
3.34 7.12888
3.35 7.1556
3.36 7.18238
3.37 7.2092
3.38 7.23608
3.39 7.263
3.4 7.28998
3.41 7.317
3.42 7.34408
3.43 7.3712
3.44 7.39838
3.45 7.4256
3.46 7.45288
3.47 7.4802
3.48 7.50758
3.49 7.535
3.5 7.56248
3.51 7.59
3.52 7.61758
3.53 7.6452
3.54 7.67288
3.55 7.7006
3.56 7.72838
3.57 7.7562
3.58 7.78408
3.59 7.812
3.6 7.83998
3.61 7.868
3.62 7.89608
3.63 7.9242
3.64 7.95238
3.65 7.9806
3.66 8.00888
3.67 8.0372
3.68 8.06558
3.69 8.094
3.7 8.12248
3.71 8.151
3.72 8.17958
3.73 8.2082
3.74 8.23688
3.75 8.2656
3.76 8.29438
3.77 8.3232
3.78 8.35208
3.79 8.381
3.8 8.40998
3.81 8.439
3.82 8.46808
3.83 8.4972
3.84 8.52638
3.85 8.5556
3.86 8.58488
3.87 8.6142
3.88 8.64358
3.89 8.673
3.9 8.70248
3.91 8.732
3.92 8.76158
3.93 8.7912
3.94 8.82088
3.95 8.8506
3.96 8.88038
3.97 8.9102
3.98 8.94008
3.99 8.97
4 8.99998
4.01 9.03
4.02 9.06007
4.03 9.0902
4.04 9.12037
4.05 9.1506
4.06 9.18087
4.07 9.2112
4.08 9.24157
4.09 9.272
4.1 9.30247
4.11 9.333
4.12 9.36357
4.13 9.3942
4.14 9.42487
4.15 9.4556
4.16 9.48637
4.17 9.5172
4.18 9.54807
4.19 9.579
4.2 9.60997
4.21 9.641
4.22 9.67207
4.23 9.7032
4.24 9.73437
4.25 9.7656
4.26 9.79687
4.27 9.8282
4.28 9.85957
4.29 9.891
4.3 9.92247
4.31 9.954
4.32 9.98557
4.33 10.0172
4.34 10.0489
4.35 10.0806
4.36 10.1124
4.37 10.1442
4.38 10.1761
4.39 10.208
4.4 10.24
4.41 10.272
4.42 10.3041
4.43 10.3362
4.44 10.3684
4.45 10.4006
4.46 10.4329
4.47 10.4652
4.48 10.4976
4.49 10.53
4.5 10.5625
4.51 10.595
4.52 10.6276
4.53 10.6602
4.54 10.6929
4.55 10.7256
4.56 10.7584
4.57 10.7912
4.58 10.8241
4.59 10.857
4.6 10.89
4.61 10.923
4.62 10.9561
4.63 10.9892
4.64 11.0224
4.65 11.0556
4.66 11.0889
4.67 11.1222
4.68 11.1556
4.69 11.189
4.7 11.2225
4.71 11.256
4.72 11.2896
4.73 11.3232
4.74 11.3569
4.75 11.3906
4.76 11.4244
4.77 11.4582
4.78 11.4921
4.79 11.526
4.8 11.56
4.81 11.594
4.82 11.6281
4.83 11.6622
4.84 11.6964
4.85 11.7306
4.86 11.7649
4.87 11.7992
4.88 11.8336
4.89 11.868
4.9 11.9025
4.91 11.937
4.92 11.9716
4.93 12.0062
4.94 12.0409
4.95 12.0756
4.96 12.1104
4.97 12.1452
4.98 12.1801
4.99 12.215
5 12.25
5.01 12.285
5.02 12.3201
5.03 12.3552
5.04 12.3904
5.05 12.4256
5.06 12.4609
5.07 12.4962
5.08 12.5316
5.09 12.567
5.1 12.6025
5.11 12.638
5.12 12.6736
5.13 12.7092
5.14 12.7449
5.15 12.7806
5.16 12.8164
5.17 12.8522
5.18 12.8881
5.19 12.924
5.2 12.96
5.21 12.996
5.22 13.0321
5.23 13.0682
5.24 13.1044
5.25 13.1406
5.26 13.1769
5.27 13.2132
5.28 13.2496
5.29 13.286
5.3 13.3225
5.31 13.359
5.32 13.3956
5.33 13.4322
5.34 13.4689
5.35 13.5056
5.36 13.5424
5.37 13.5792
5.38 13.6161
5.39 13.653
5.4 13.69
5.41 13.727
5.42 13.7641
5.43 13.8012
5.44 13.8384
5.45 13.8756
5.46 13.9129
5.47 13.9502
5.48 13.9876
5.49 14.025
5.5 14.0625
5.51 14.1
5.52 14.1376
5.53 14.1752
5.54 14.2129
5.55 14.2506
5.56 14.2884
5.57 14.3262
5.58 14.3641
5.59 14.402
5.6 14.44
5.61 14.478
5.62 14.5161
5.63 14.5542
5.64 14.5924
5.65 14.6306
5.66 14.6689
5.67 14.7072
5.68 14.7456
5.69 14.784
5.7 14.8225
5.71 14.861
5.72 14.8996
5.73 14.9382
5.74 14.9769
5.75 15.0156
5.76 15.0544
5.77 15.0932
5.78 15.1321
5.79 15.171
5.8 15.21
5.81 15.249
5.82 15.2881
5.83 15.3272
5.84 15.3664
5.85 15.4056
5.86 15.4449
5.87 15.4842
5.88 15.5236
5.89 15.563
5.9 15.6025
5.91 15.642
5.92 15.6816
5.93 15.7212
5.94 15.7609
5.95 15.8006
5.96 15.8404
5.97 15.8802
5.98 15.9201
5.99 15.96
6 16
6.01 16.04
6.02 16.0801
6.03 16.1202
6.04 16.1604
6.05 16.2006
6.06 16.2409
6.07 16.2812
6.08 16.3216
6.09 16.362
6.1 16.4025
6.11 16.443
6.12 16.4836
6.13 16.5242
6.14 16.5649
6.15 16.6056
6.16 16.6464
6.17 16.6872
6.18 16.7281
6.19 16.769
6.2 16.81
6.21 16.851
6.22 16.8921
6.23 16.9332
6.24 16.9744
6.25 17.0156
6.26 17.0569
6.27 17.0982
6.28 17.1396
6.29 17.181
6.3 17.2225
6.31 17.264
6.32 17.3056
6.33 17.3472
6.34 17.3889
6.35 17.4306
6.36 17.4724
6.37 17.5142
6.38 17.5561
6.39 17.598
6.4 17.64
6.41 17.682
6.42 17.7241
6.43 17.7662
6.44 17.8084
6.45 17.8506
6.46 17.8929
6.47 17.9352
6.48 17.9776
6.49 18.02
6.5 18.0625
6.51 18.105
6.52 18.1476
6.53 18.1902
6.54 18.2329
6.55 18.2756
6.56 18.3184
6.57 18.3612
6.58 18.4041
6.59 18.447
6.6 18.49
6.61 18.533
6.62 18.5761
6.63 18.6192
6.64 18.6624
6.65 18.7056
6.66 18.7489
6.67 18.7922
6.68 18.8356
6.69 18.879
6.7 18.9225
6.71 18.966
6.72 19.0096
6.73 19.0532
6.74 19.0969
6.75 19.1406
6.76 19.1844
6.77 19.2282
6.78 19.2721
6.79 19.316
6.8 19.36
6.81 19.404
6.82 19.4481
6.83 19.4922
6.84 19.5364
6.85 19.5806
6.86 19.6249
6.87 19.6692
6.88 19.7136
6.89 19.758
6.9 19.8025
6.91 19.847
6.92 19.8916
6.93 19.9362
6.94 19.9809
6.95 20.0256
6.96 20.0704
6.97 20.1152
6.98 20.1601
6.99 20.205
7 20.25
7.01 20.295
7.02 20.3401
7.03 20.3852
7.04 20.4304
7.05 20.4756
7.06 20.5209
7.07 20.5662
7.08 20.6116
7.09 20.657
7.1 20.7025
7.11 20.748
7.12 20.7936
7.13 20.8392
7.14 20.8849
7.15 20.9306
7.16 20.9764
7.17 21.0222
7.18 21.0681
7.19 21.114
7.2 21.16
7.21 21.206
7.22 21.2521
7.23 21.2982
7.24 21.3444
7.25 21.3906
7.26 21.4369
7.27 21.4832
7.28 21.5296
7.29 21.576
7.3 21.6225
7.31 21.669
7.32 21.7156
7.33 21.7622
7.34 21.8089
7.35 21.8556
7.36 21.9024
7.37 21.9492
7.38 21.9961
7.39 22.043
7.4 22.09
7.41 22.137
7.42 22.1841
7.43 22.2312
7.44 22.2784
7.45 22.3256
7.46 22.3729
7.47 22.4202
7.48 22.4676
7.49 22.515
7.5 22.5625
7.51 22.61
7.52 22.6576
7.53 22.7052
7.54 22.7529
7.55 22.8006
7.56 22.8484
7.57 22.8962
7.58 22.9441
7.59 22.992
7.6 23.04
7.61 23.088
7.62 23.1361
7.63 23.1842
7.64 23.2324
7.65 23.2806
7.66 23.3289
7.67 23.3772
7.68 23.4256
7.69 23.474
7.7 23.5225
7.71 23.571
7.72 23.6196
7.73 23.6682
7.74 23.7169
7.75 23.7656
7.76 23.8144
7.77 23.8632
7.78 23.9121
7.79 23.961
7.8 24.01
7.81 24.059
7.82 24.1081
7.83 24.1572
7.84 24.2064
7.85 24.2556
7.86 24.3049
7.87 24.3542
7.88 24.4036
7.89 24.453
7.9 24.5025
7.91 24.552
7.92 24.6016
7.93 24.6512
7.94 24.7009
7.95 24.7506
7.96 24.8004
7.97 24.8502
7.98 24.9001
7.99 24.95
8 25
8.01 25.05
8.02 25.1001
8.03 25.1502
8.04 25.2003
8.05 25.2506
8.06 25.3008
8.07 25.3512
8.08 25.4015
8.09 25.452
8.1 25.5024
8.11 25.553
8.12 25.6035
8.13 25.6542
8.14 25.7048
8.15 25.7556
8.16 25.8063
8.17 25.8572
8.18 25.908
8.19 25.959
8.2 26.0099
8.21 26.061
8.22 26.112
8.23 26.1632
8.24 26.2143
8.25 26.2656
8.26 26.3168
8.27 26.3682
8.28 26.4195
8.29 26.471
8.3 26.5224
8.31 26.574
8.32 26.6255
8.33 26.6772
8.34 26.7288
8.35 26.7806
8.36 26.8323
8.37 26.8842
8.38 26.936
8.39 26.988
8.4 27.0399
8.41 27.092
8.42 27.144
8.43 27.1962
8.44 27.2483
8.45 27.3006
8.46 27.3528
8.47 27.4052
8.48 27.4575
8.49 27.51
8.5 27.5624
8.51 27.615
8.52 27.6675
8.53 27.7202
8.54 27.7728
8.55 27.8256
8.56 27.8783
8.57 27.9312
8.58 27.984
8.59 28.037
8.6 28.0899
8.61 28.143
8.62 28.196
8.63 28.2492
8.64 28.3023
8.65 28.3556
8.66 28.4088
8.67 28.4622
8.68 28.5155
8.69 28.569
8.7 28.6224
8.71 28.676
8.72 28.7295
8.73 28.7832
8.74 28.8368
8.75 28.8906
8.76 28.9443
8.77 28.9982
8.78 29.052
8.79 29.106
8.8 29.1599
8.81 29.214
8.82 29.268
8.83 29.3222
8.84 29.3763
8.85 29.4306
8.86 29.4848
8.87 29.5392
8.88 29.5935
8.89 29.648
8.9 29.7024
8.91 29.757
8.92 29.8115
8.93 29.8662
8.94 29.9208
8.95 29.9756
8.96 30.0303
8.97 30.0852
8.98 30.14
8.99 30.195
9 30.2499
9.01 30.305
9.02 30.36
9.03 30.4152
9.04 30.4703
9.05 30.5256
9.06 30.5808
9.07 30.6362
9.08 30.6915
9.09 30.747
9.1 30.8024
9.11 30.858
9.12 30.9135
9.13 30.9692
9.14 31.0248
9.15 31.0806
9.16 31.1363
9.17 31.1922
9.18 31.248
9.19 31.304
9.2 31.3599
9.21 31.416
9.22 31.472
9.23 31.5282
9.24 31.5843
9.25 31.6406
9.26 31.6968
9.27 31.7532
9.28 31.8095
9.29 31.866
9.3 31.9224
9.31 31.979
9.32 32.0355
9.33 32.0922
9.34 32.1488
9.35 32.2056
9.36 32.2623
9.37 32.3192
9.38 32.376
9.39 32.433
9.4 32.4899
9.41 32.547
9.42 32.604
9.43 32.6612
9.44 32.7183
9.45 32.7756
9.46 32.8328
9.47 32.8902
9.48 32.9475
9.49 33.005
9.5 33.0624
9.51 33.12
9.52 33.1775
9.53 33.2352
9.54 33.2928
9.55 33.3506
9.56 33.4083
9.57 33.4662
9.58 33.524
9.59 33.582
9.6 33.6399
9.61 33.698
9.62 33.756
9.63 33.8142
9.64 33.8723
9.65 33.9306
9.66 33.9888
9.67 34.0472
9.68 34.1055
9.69 34.164
9.7 34.2224
9.71 34.281
9.72 34.3395
9.73 34.3982
9.74 34.4568
9.75 34.5156
9.76 34.5743
9.77 34.6332
9.78 34.692
9.79 34.751
9.8 34.8099
9.81 34.869
9.82 34.928
9.83 34.9872
9.84 35.0463
9.85 35.1056
9.86 35.1648
9.87 35.2242
9.88 35.2835
9.89 35.343
9.9 35.4024
9.91 35.462
9.92 35.5215
9.93 35.5812
9.94 35.6408
9.95 35.7006
9.96 35.7603
9.97 35.8202
9.98 35.88
9.99 35.94
10 35.9999
10 35.9999
